fdp/build/outputs/logs/manifest-merger-release-report.txt
-- Merging decision tree log ---
manifest
ADDED from fdp\fdp\AndroidManifest.xml:3:1-137:12
	package
		ADDED from fdp\fdp\AndroidManifest.xml:4:2-37
	android:versionName
		ADDED from fdp\fdp\AndroidManifest.xml:6:2-27
		INJECTED from fdp\fdp\AndroidManifest.xml
		INJECTED from fdp\fdp\AndroidManifest.xml
	android:versionCode
		ADDED from fdp\fdp\AndroidManifest.xml:5:2-25
		INJECTED from fdp\fdp\AndroidManifest.xml
		INJECTED from fdp\fdp\AndroidManifest.xml
	xmlns:android
		ADDED from fdp\fdp\AndroidManifest.xml:3:11-69
	android:installLocation
		ADDED from fdp\fdp\AndroidManifest.xml:7:2-40
uses-sdk
ADDED from fdp\fdp\AndroidManifest.xml:9:5-10:41
MERGED from [fdp.forcedroid.libs:SmartSync:unspecified] AndroidManifest.xml:7:5-9:41
MERGED from [fdp.forcedroid.libs:SmartStore:unspecified] AndroidManifest.xml:7:5-9:41
MERGED from [fdp.forcedroid.libs:SalesforceSDK:unspecified] AndroidManifest.xml:7:5-9:41
MERGED from [com.google.android.gms:play-services-appindexing:8.1.0] AndroidManifest.xml:18:5-42
MERGED from [com.google.android.gms:play-services-basement:8.1.0] AndroidManifest.xml:18:5-42
MERGED from [com.android.support:support-v4:22.2.0] AndroidManifest.xml:20:5-43
MERGED from [com.venmo.view.tooltip:tooltip:0.1.2] AndroidManifest.xml:6:5-8:41
	android:targetSdkVersion
		ADDED from fdp\fdp\AndroidManifest.xml:10:9-38
		INJECTED from fdp\fdp\AndroidManifest.xml
		INJECTED from fdp\fdp\AndroidManifest.xml
	android:minSdkVersion
		ADDED from fdp\fdp\AndroidManifest.xml:9:15-41
		INJECTED from fdp\fdp\AndroidManifest.xml
		INJECTED from fdp\fdp\AndroidManifest.xml
uses-permission#android.permission.WRITE_SYNC_SETTINGS
ADDED from fdp\fdp\AndroidManifest.xml:12:2-75
	android:name
		ADDED from fdp\fdp\AndroidManifest.xml:12:19-72
uses-permission#org.grameenfoundation.fdp.C2D_MESSAGE
ADDED from fdp\fdp\AndroidManifest.xml:13:5-77
	android:name
		ADDED from fdp\fdp\AndroidManifest.xml:13:22-74
uses-permission#android.permission.READ_SYNC_SETTINGS
ADDED from fdp\fdp\AndroidManifest.xml:14:5-77
	android:name
		ADDED from fdp\fdp\AndroidManifest.xml:14:22-74
uses-permission#android.permission.ACCESS_FINE_LOCATION
ADDED from fdp\fdp\AndroidManifest.xml:16:5-78
	android:name
		ADDED from fdp\fdp\AndroidManifest.xml:16:22-76
uses-permission#android.permission.ACCESS_LOCATION_EXTRA_COMMANDS
ADDED from fdp\fdp\AndroidManifest.xml:17:5-88
	android:name
		ADDED from fdp\fdp\AndroidManifest.xml:17:22-86
uses-permission#android.permission.ACCESS_COARSE_LOCATION
ADDED from fdp\fdp\AndroidManifest.xml:18:5-80
	android:name
		ADDED from fdp\fdp\AndroidManifest.xml:18:22-78
uses-permission#android.permission.INTERNET
ADDED from fdp\fdp\AndroidManifest.xml:19:5-66
MERGED from [fdp.forcedroid.libs:SalesforceSDK:unspecified] AndroidManifest.xml:14:5-67
	android:name
		ADDED from fdp\fdp\AndroidManifest.xml:19:22-64
application
ADDED from fdp\fdp\AndroidManifest.xml:21:2-124:16
MERGED from [fdp.forcedroid.libs:SmartSync:unspecified] AndroidManifest.xml:11:5-20
MERGED from [fdp.forcedroid.libs:SmartStore:unspecified] AndroidManifest.xml:11:5-15:19
MERGED from [fdp.forcedroid.libs:SalesforceSDK:unspecified] AndroidManifest.xml:23:5-103:19
MERGED from [com.google.android.gms:play-services-appindexing:8.1.0] AndroidManifest.xml:19:5-20
MERGED from [com.google.android.gms:play-services-basement:8.1.0] AndroidManifest.xml:20:5-24:19
MERGED from [com.android.support:support-v4:22.2.0] AndroidManifest.xml:22:5-20
MERGED from [com.venmo.view.tooltip:tooltip:0.1.2] AndroidManifest.xml:10:5-20
	android:label
		ADDED from fdp\fdp\AndroidManifest.xml:22:6-38
	android:manageSpaceActivity
		ADDED from fdp\fdp\AndroidManifest.xml:24:3-81
	android:icon
		ADDED from fdp\fdp\AndroidManifest.xml:21:15-47
	android:name
		ADDED from fdp\fdp\AndroidManifest.xml:23:3-25
activity#org.grameenfoundation.fdp.MainActivity
ADDED from fdp\fdp\AndroidManifest.xml:27:3-34:14
	android:label
		ADDED from fdp\fdp\AndroidManifest.xml:28:7-39
	android:theme
		ADDED from fdp\fdp\AndroidManifest.xml:29:4-55
	android:name
		ADDED from fdp\fdp\AndroidManifest.xml:27:13-41
intent-filter#android.intent.action.MAIN+android.intent.category.LAUNCHER
ADDED from fdp\fdp\AndroidManifest.xml:30:4-33:20
action#android.intent.action.MAIN
ADDED from fdp\fdp\AndroidManifest.xml:31:5-57
	android:name
		ADDED from fdp\fdp\AndroidManifest.xml:31:13-54
category#android.intent.category.LAUNCHER
ADDED from fdp\fdp\AndroidManifest.xml:32:5-65
	android:name
		ADDED from fdp\fdp\AndroidManifest.xml:32:15-62
activity#org.grameenfoundation.fdp.ui.DetailActivity
ADDED from fdp\fdp\AndroidManifest.xml:37:3-44:14
	android:parentActivityName
		ADDED from fdp\fdp\AndroidManifest.xml:38:13-80
	android:windowSoftInputMode
		ADDED from fdp\fdp\AndroidManifest.xml:39:56-97
	android:theme
		ADDED from fdp\fdp\AndroidManifest.xml:39:4-55
	android:name
		ADDED from fdp\fdp\AndroidManifest.xml:37:13-71
intent-filter#android.intent.action.DETAIL+android.intent.category.DEFAULT
ADDED from fdp\fdp\AndroidManifest.xml:40:4-43:20
action#android.intent.action.DETAIL
ADDED from fdp\fdp\AndroidManifest.xml:41:5-59
	android:name
		ADDED from fdp\fdp\AndroidManifest.xml:41:13-56
category#android.intent.category.DEFAULT
ADDED from fdp\fdp\AndroidManifest.xml:42:5-64
	android:name
		ADDED from fdp\fdp\AndroidManifest.xml:42:15-61
activity#org.grameenfoundation.fdp.ui.plotActivity
ADDED from fdp\fdp\AndroidManifest.xml:47:3-55:14
	android:parentActivityName
		ADDED from fdp\fdp\AndroidManifest.xml:48:13-85
	android:configChanges
		ADDED from fdp\fdp\AndroidManifest.xml:49:4-50
	android:theme
		ADDED from fdp\fdp\AndroidManifest.xml:50:4-55
	android:name
		ADDED from fdp\fdp\AndroidManifest.xml:47:13-69
intent-filter#android.intent.action.PLOT+android.intent.category.DEFAULT
ADDED from fdp\fdp\AndroidManifest.xml:51:13-54:29
action#android.intent.action.PLOT
ADDED from fdp\fdp\AndroidManifest.xml:52:17-69
	android:name
		ADDED from fdp\fdp\AndroidManifest.xml:52:25-66
activity#org.grameenfoundation.fdp.ui.fdpActivity
ADDED from fdp\fdp\AndroidManifest.xml:58:3-65:14
	android:parentActivityName
		ADDED from fdp\fdp\AndroidManifest.xml:59:13-83
	android:theme
		ADDED from fdp\fdp\AndroidManifest.xml:60:4-55
	android:name
		ADDED from fdp\fdp\AndroidManifest.xml:58:13-68
intent-filter#android.intent.action.FDP+android.intent.category.DEFAULT
ADDED from fdp\fdp\AndroidManifest.xml:61:4-64:20
action#android.intent.action.FDP
ADDED from fdp\fdp\AndroidManifest.xml:62:5-56
	android:name
		ADDED from fdp\fdp\AndroidManifest.xml:62:13-53
activity#org.grameenfoundation.fdp.ui.YearDetailActivity
ADDED from fdp\fdp\AndroidManifest.xml:68:3-76:14
	android:screenOrientation
		ADDED from fdp\fdp\AndroidManifest.xml:69:4-41
	android:parentActivityName
		ADDED from fdp\fdp\AndroidManifest.xml:70:13-82
	android:theme
		ADDED from fdp\fdp\AndroidManifest.xml:71:4-55
	android:name
		ADDED from fdp\fdp\AndroidManifest.xml:68:13-75
activity#org.grameenfoundation.fdp.ui.YearDetailActivity1
ADDED from fdp\fdp\AndroidManifest.xml:77:3-85:14
	android:screenOrientation
		ADDED from fdp\fdp\AndroidManifest.xml:78:4-41
	android:parentActivityName
		ADDED from fdp\fdp\AndroidManifest.xml:79:4-73
	android:theme
		ADDED from fdp\fdp\AndroidManifest.xml:80:4-55
	android:name
		ADDED from fdp\fdp\AndroidManifest.xml:77:13-76
activity#org.grameenfoundation.fdp.ui.YearDetailActivity2
ADDED from fdp\fdp\AndroidManifest.xml:87:3-95:14
	android:screenOrientation
		ADDED from fdp\fdp\AndroidManifest.xml:88:4-41
	android:parentActivityName
		ADDED from fdp\fdp\AndroidManifest.xml:89:4-73
	android:theme
		ADDED from fdp\fdp\AndroidManifest.xml:90:4-55
	android:name
		ADDED from fdp\fdp\AndroidManifest.xml:87:13-76
activity#org.grameenfoundation.fdp.ui.YearDetailActivity3
ADDED from fdp\fdp\AndroidManifest.xml:97:9-105:20
	android:screenOrientation
		ADDED from fdp\fdp\AndroidManifest.xml:98:13-50
	android:parentActivityName
		ADDED from fdp\fdp\AndroidManifest.xml:99:13-82
	android:theme
		ADDED from fdp\fdp\AndroidManifest.xml:100:13-64
	android:name
		ADDED from fdp\fdp\AndroidManifest.xml:97:19-82
service#org.grameenfoundation.fdp.sync.ContactSyncService
ADDED from fdp\fdp\AndroidManifest.xml:108:3-116:13
	android:process
		ADDED from fdp\fdp\AndroidManifest.xml:110:4-27
	android:exported
		ADDED from fdp\fdp\AndroidManifest.xml:109:4-27
	android:name
		ADDED from fdp\fdp\AndroidManifest.xml:108:12-76
intent-filter#android.content.SyncAdapter
ADDED from fdp\fdp\AndroidManifest.xml:111:4-113:20
action#android.content.SyncAdapter
ADDED from fdp\fdp\AndroidManifest.xml:112:5-57
	android:name
		ADDED from fdp\fdp\AndroidManifest.xml:112:13-55
meta-data#android.content.SyncAdapter
ADDED from fdp\fdp\AndroidManifest.xml:114:4-115:51
	android:resource
		ADDED from fdp\fdp\AndroidManifest.xml:115:5-48
	android:name
		ADDED from fdp\fdp\AndroidManifest.xml:114:15-57
meta-data#com.google.android.gms.version
ADDED from fdp\fdp\AndroidManifest.xml:121:3-123:60
MERGED from [com.google.android.gms:play-services-basement:8.1.0] AndroidManifest.xml:21:9-23:69
	android:value
		ADDED from fdp\fdp\AndroidManifest.xml:123:4-57
	android:name
		ADDED from fdp\fdp\AndroidManifest.xml:122:4-49
permission#org.grameenfoundation.fdp.C2D_MESSAGE
ADDED from fdp\fdp\AndroidManifest.xml:133:5-134:41
	android:protectionLevel
		ADDED from fdp\fdp\AndroidManifest.xml:134:3-38
	android:name
		ADDED from fdp\fdp\AndroidManifest.xml:133:17-69
activity#com.salesforce.androidsdk.smartstore.ui.SmartStoreInspectorActivity
ADDED from [fdp.forcedroid.libs:SmartStore:unspecified] AndroidManifest.xml:14:9-104
	android:name
		ADDED from [fdp.forcedroid.libs:SmartStore:unspecified] AndroidManifest.xml:14:19-101
uses-permission#android.permission.ACCESS_NETWORK_STATE
ADDED from [fdp.forcedroid.libs:SalesforceSDK:unspecified] AndroidManifest.xml:11:5-79
	android:name
		ADDED from [fdp.forcedroid.libs:SalesforceSDK:unspecified] AndroidManifest.xml:11:22-76
uses-permission#android.permission.AUTHENTICATE_ACCOUNTS
ADDED from [fdp.forcedroid.libs:SalesforceSDK:unspecified] AndroidManifest.xml:12:5-80
	android:name
		ADDED from [fdp.forcedroid.libs:SalesforceSDK:unspecified] AndroidManifest.xml:12:22-77
uses-permission#android.permission.GET_ACCOUNTS
ADDED from [fdp.forcedroid.libs:SalesforceSDK:unspecified] AndroidManifest.xml:13:5-71
	android:name
		ADDED from [fdp.forcedroid.libs:SalesforceSDK:unspecified] AndroidManifest.xml:13:22-68
uses-permission#android.permission.MANAGE_ACCOUNTS
ADDED from [fdp.forcedroid.libs:SalesforceSDK:unspecified] AndroidManifest.xml:15:5-74
	android:name
		ADDED from [fdp.forcedroid.libs:SalesforceSDK:unspecified] AndroidManifest.xml:15:22-71
uses-permission#android.permission.USE_CREDENTIALS
ADDED from [fdp.forcedroid.libs:SalesforceSDK:unspecified] AndroidManifest.xml:16:5-74
	android:name
		ADDED from [fdp.forcedroid.libs:SalesforceSDK:unspecified] AndroidManifest.xml:16:22-71
uses-permission#android.permission.WAKE_LOCK
ADDED from [fdp.forcedroid.libs:SalesforceSDK:unspecified] AndroidManifest.xml:17:5-68
	android:name
		ADDED from [fdp.forcedroid.libs:SalesforceSDK:unspecified] AndroidManifest.xml:17:22-65
uses-permission#android.permission.GET_TASKS
ADDED from [fdp.forcedroid.libs:SalesforceSDK:unspecified] AndroidManifest.xml:18:5-68
	android:name
		ADDED from [fdp.forcedroid.libs:SalesforceSDK:unspecified] AndroidManifest.xml:18:22-65
uses-permission#com.google.android.c2dm.permission.RECEIVE
ADDED from [fdp.forcedroid.libs:SalesforceSDK:unspecified] AndroidManifest.xml:19:5-82
	android:name
		ADDED from [fdp.forcedroid.libs:SalesforceSDK:unspecified] AndroidManifest.xml:19:22-79
uses-permission-sdk-23
ADDED from [fdp.forcedroid.libs:SalesforceSDK:unspecified] AndroidManifest.xml:21:5-81
	android:name
		ADDED from [fdp.forcedroid.libs:SalesforceSDK:unspecified] AndroidManifest.xml:21:29-78
meta-data#android.content.APP_RESTRICTIONS
ADDED from [fdp.forcedroid.libs:SalesforceSDK:unspecified] AndroidManifest.xml:26:9-28:56
	android:resource
		ADDED from [fdp.forcedroid.libs:SalesforceSDK:unspecified] AndroidManifest.xml:28:13-53
	android:name
		ADDED from [fdp.forcedroid.libs:SalesforceSDK:unspecified] AndroidManifest.xml:27:13-60
service#com.salesforce.androidsdk.auth.AuthenticatorService
ADDED from [fdp.forcedroid.libs:SalesforceSDK:unspecified] AndroidManifest.xml:31:9-41:19
	android:exported
		ADDED from [fdp.forcedroid.libs:SalesforceSDK:unspecified] AndroidManifest.xml:33:13-36
	android:name
		ADDED from [fdp.forcedroid.libs:SalesforceSDK:unspecified] AndroidManifest.xml:32:13-79
intent-filter#android.accounts.AccountAuthenticator
ADDED from [fdp.forcedroid.libs:SalesforceSDK:unspecified] AndroidManifest.xml:34:13-36:29
action#android.accounts.AccountAuthenticator
ADDED from [fdp.forcedroid.libs:SalesforceSDK:unspecified] AndroidManifest.xml:35:17-80
	android:name
		ADDED from [fdp.forcedroid.libs:SalesforceSDK:unspecified] AndroidManifest.xml:35:25-77
meta-data#android.accounts.AccountAuthenticator
ADDED from [fdp.forcedroid.libs:SalesforceSDK:unspecified] AndroidManifest.xml:38:13-40:57
	android:resource
		ADDED from [fdp.forcedroid.libs:SalesforceSDK:unspecified] AndroidManifest.xml:40:17-54
	android:name
		ADDED from [fdp.forcedroid.libs:SalesforceSDK:unspecified] AndroidManifest.xml:39:17-69
activity#com.salesforce.androidsdk.ui.LoginActivity
ADDED from [fdp.forcedroid.libs:SalesforceSDK:unspecified] AndroidManifest.xml:44:9-46:67
	android:theme
		ADDED from [fdp.forcedroid.libs:SalesforceSDK:unspecified] AndroidManifest.xml:46:13-64
	android:name
		ADDED from [fdp.forcedroid.libs:SalesforceSDK:unspecified] AndroidManifest.xml:45:13-70
activity#com.salesforce.androidsdk.ui.PasscodeActivity
ADDED from [fdp.forcedroid.libs:SalesforceSDK:unspecified] AndroidManifest.xml:49:9-51:67
	android:theme
		ADDED from [fdp.forcedroid.libs:SalesforceSDK:unspecified] AndroidManifest.xml:51:13-64
	android:name
		ADDED from [fdp.forcedroid.libs:SalesforceSDK:unspecified] AndroidManifest.xml:50:13-73
activity#com.salesforce.androidsdk.ui.ManageSpaceActivity
ADDED from [fdp.forcedroid.libs:SalesforceSDK:unspecified] AndroidManifest.xml:54:9-57:67
	android:excludeFromRecents
		ADDED from [fdp.forcedroid.libs:SalesforceSDK:unspecified] AndroidManifest.xml:56:13-46
	android:theme
		ADDED from [fdp.forcedroid.libs:SalesforceSDK:unspecified] AndroidManifest.xml:57:13-64
	android:name
		ADDED from [fdp.forcedroid.libs:SalesforceSDK:unspecified] AndroidManifest.xml:55:13-76
activity#com.salesforce.androidsdk.ui.ServerPickerActivity
ADDED from [fdp.forcedroid.libs:SalesforceSDK:unspecified] AndroidManifest.xml:60:9-63:67
	android:excludeFromRecents
		ADDED from [fdp.forcedroid.libs:SalesforceSDK:unspecified] AndroidManifest.xml:62:13-46
	android:theme
		ADDED from [fdp.forcedroid.libs:SalesforceSDK:unspecified] AndroidManifest.xml:63:13-64
	android:name
		ADDED from [fdp.forcedroid.libs:SalesforceSDK:unspecified] AndroidManifest.xml:61:13-77
activity#com.salesforce.androidsdk.ui.AccountSwitcherActivity
ADDED from [fdp.forcedroid.libs:SalesforceSDK:unspecified] AndroidManifest.xml:66:9-69:67
	android:excludeFromRecents
		ADDED from [fdp.forcedroid.libs:SalesforceSDK:unspecified] AndroidManifest.xml:68:13-46
	android:theme
		ADDED from [fdp.forcedroid.libs:SalesforceSDK:unspecified] AndroidManifest.xml:69:13-64
	android:name
		ADDED from [fdp.forcedroid.libs:SalesforceSDK:unspecified] AndroidManifest.xml:67:13-80
receiver#com.salesforce.androidsdk.push.PushBroadcastReceiver
ADDED from [fdp.forcedroid.libs:SalesforceSDK:unspecified] AndroidManifest.xml:75:9-89:20
	android:exported
		ADDED from [fdp.forcedroid.libs:SalesforceSDK:unspecified] AndroidManifest.xml:77:13-36
	android:permission
		ADDED from [fdp.forcedroid.libs:SalesforceSDK:unspecified] AndroidManifest.xml:78:13-73
	android:name
		ADDED from [fdp.forcedroid.libs:SalesforceSDK:unspecified] AndroidManifest.xml:76:13-80
intent-filter#${applicationId}+com.google.android.c2dm.intent.RECEIVE
ADDED from [fdp.forcedroid.libs:SalesforceSDK:unspecified] AndroidManifest.xml:79:13-83:29
action#com.google.android.c2dm.intent.RECEIVE
ADDED from [fdp.forcedroid.libs:SalesforceSDK:unspecified] AndroidManifest.xml:80:17-81
	android:name
		ADDED from [fdp.forcedroid.libs:SalesforceSDK:unspecified] AndroidManifest.xml:80:25-78
category#${applicationId}
ADDED from [fdp.forcedroid.libs:SalesforceSDK:unspecified] AndroidManifest.xml:82:17-61
	android:name
		ADDED from [fdp.forcedroid.libs:SalesforceSDK:unspecified] AndroidManifest.xml:82:27-58
		INJECTED from fdp\fdp\AndroidManifest.xml
		INJECTED from fdp\fdp\AndroidManifest.xml
intent-filter#${applicationId}+com.google.android.c2dm.intent.REGISTRATION
ADDED from [fdp.forcedroid.libs:SalesforceSDK:unspecified] AndroidManifest.xml:84:13-88:29
action#com.google.android.c2dm.intent.REGISTRATION
ADDED from [fdp.forcedroid.libs:SalesforceSDK:unspecified] AndroidManifest.xml:85:17-86
	android:name
		ADDED from [fdp.forcedroid.libs:SalesforceSDK:unspecified] AndroidManifest.xml:85:25-83
receiver#com.salesforce.androidsdk.push.PushService$RetryRegistrationAlarmReceiver
ADDED from [fdp.forcedroid.libs:SalesforceSDK:unspecified] AndroidManifest.xml:90:9-92:40
	android:exported
		ADDED from [fdp.forcedroid.libs:SalesforceSDK:unspecified] AndroidManifest.xml:92:13-37
	android:name
		ADDED from [fdp.forcedroid.libs:SalesforceSDK:unspecified] AndroidManifest.xml:91:13-101
receiver#com.salesforce.androidsdk.push.PushService$SFDCRegistrationRetryAlarmReceiver
ADDED from [fdp.forcedroid.libs:SalesforceSDK:unspecified] AndroidManifest.xml:93:9-95:40
	android:exported
		ADDED from [fdp.forcedroid.libs:SalesforceSDK:unspecified] AndroidManifest.xml:95:13-37
	android:name
		ADDED from [fdp.forcedroid.libs:SalesforceSDK:unspecified] AndroidManifest.xml:94:13-105
receiver#com.salesforce.androidsdk.push.PushService$UnregisterRetryAlarmReceiver
ADDED from [fdp.forcedroid.libs:SalesforceSDK:unspecified] AndroidManifest.xml:96:9-98:40
	android:exported
		ADDED from [fdp.forcedroid.libs:SalesforceSDK:unspecified] AndroidManifest.xml:98:13-37
	android:name
		ADDED from [fdp.forcedroid.libs:SalesforceSDK:unspecified] AndroidManifest.xml:97:13-99
service#com.salesforce.androidsdk.push.PushService
ADDED from [fdp.forcedroid.libs:SalesforceSDK:unspecified] AndroidManifest.xml:100:9-102:40
	android:exported
		ADDED from [fdp.forcedroid.libs:SalesforceSDK:unspecified] AndroidManifest.xml:102:13-37
	android:name
		ADDED from [fdp.forcedroid.libs:SalesforceSDK:unspecified] AndroidManifest.xml:101:13-70